<?xml version="1.0" encoding="UTF-8"?>
<!-- Generated by org.testng.reporters.JUnitXMLReporter -->
<testsuite hostname="LAPTOP32" ignored="0" name="Test" tests="5" failures="4" timestamp="13 Jun 2019 06:09:42 GMT" time="30.551" errors="0">
  <testcase name="NGTest1" time="0.012" classname="kovair.JenkinsIntegration1.JenkinsIntegrationTestNGClass">
    <failure type="java.lang.AssertionError" message="null">
      <![CDATA[java.lang.AssertionError: null
at kovair.JenkinsIntegration1.JenkinsIntegrationTestNGClass.NGTest1(JenkinsIntegrationTestNGClass.java:41)
... Removed 27 stack frames]]>
    </failure>
  </testcase> <!-- NGTest1 -->
  <testcase name="NGTest2" time="0.002" classname="kovair.JenkinsIntegration1.JenkinsIntegrationTestNGClass">
    <failure type="java.lang.AssertionError" message="null">
      <![CDATA[java.lang.AssertionError: null
at kovair.JenkinsIntegration1.JenkinsIntegrationTestNGClass.NGTest2(JenkinsIntegrationTestNGClass.java:49)
... Removed 27 stack frames]]>
    </failure>
  </testcase> <!-- NGTest2 -->
  <testcase name="NGTest3" time="0.002" classname="kovair.JenkinsIntegration1.JenkinsIntegrationTestNGClass">
    <failure type="java.lang.AssertionError" message="null">
      <![CDATA[java.lang.AssertionError: null
at kovair.JenkinsIntegration1.JenkinsIntegrationTestNGClass.NGTest3(JenkinsIntegrationTestNGClass.java:59)
... Removed 27 stack frames]]>
    </failure>
  </testcase> <!-- NGTest3 -->
  <testcase name="NGTest4" time="0.003" classname="kovair.JenkinsIntegration1.JenkinsIntegrationTestNGClass">
    <failure type="java.lang.AssertionError" message="null">
      <![CDATA[java.lang.AssertionError: null
at kovair.JenkinsIntegration1.JenkinsIntegrationTestNGClass.NGTest4(JenkinsIntegrationTestNGClass.java:66)
... Removed 27 stack frames]]>
    </failure>
  </testcase> <!-- NGTest4 -->
  <testcase name="NGTest5" time="0.001" classname="kovair.JenkinsIntegration1.JenkinsIntegrationTestNGClass"/>
</testsuite> <!-- Test -->
