<?xml version="1.0" encoding="UTF-8"?>
<testng-results skipped="0" failed="4" ignored="0" total="5" passed="1">
  <reporter-output>
    <line>
      <![CDATA[<a href='D:\PrasenjitOffice\OneDrive - Kovair Software\My Kovair Files\EclipseWorkspace\JenkinsIntegration1\src\test\java\scrpackage\NGTest1524.png'> <img src='D:\PrasenjitOffice\OneDrive - Kovair Software\My Kovair Files\EclipseWorkspace\JenkinsIntegration1\src\test\java\scrpackage\NGTest1524.png' height='100' width='100'/> </a>]]>
    </line>
    <line>
      <![CDATA[<a href='D:\PrasenjitOffice\OneDrive - Kovair Software\My Kovair Files\EclipseWorkspace\JenkinsIntegration1\src\test\java\scrpackage\NGTest2490.png'> <img src='D:\PrasenjitOffice\OneDrive - Kovair Software\My Kovair Files\EclipseWorkspace\JenkinsIntegration1\src\test\java\scrpackage\NGTest2490.png' height='100' width='100'/> </a>]]>
    </line>
    <line>
      <![CDATA[<a href='D:\PrasenjitOffice\OneDrive - Kovair Software\My Kovair Files\EclipseWorkspace\JenkinsIntegration1\src\test\java\scrpackage\NGTest3191.png'> <img src='D:\PrasenjitOffice\OneDrive - Kovair Software\My Kovair Files\EclipseWorkspace\JenkinsIntegration1\src\test\java\scrpackage\NGTest3191.png' height='100' width='100'/> </a>]]>
    </line>
    <line>
      <![CDATA[<a href='D:\PrasenjitOffice\OneDrive - Kovair Software\My Kovair Files\EclipseWorkspace\JenkinsIntegration1\src\test\java\scrpackage\NGTest4390.png'> <img src='D:\PrasenjitOffice\OneDrive - Kovair Software\My Kovair Files\EclipseWorkspace\JenkinsIntegration1\src\test\java\scrpackage\NGTest4390.png' height='100' width='100'/> </a>]]>
    </line>
  </reporter-output>
  <suite name="Suite" duration-ms="16920" started-at="2019-06-13T06:16:32Z" finished-at="2019-06-13T06:16:49Z">
    <groups>
    </groups>
    <test name="Test" duration-ms="16920" started-at="2019-06-13T06:16:32Z" finished-at="2019-06-13T06:16:49Z">
      <class name="kovair.JenkinsIntegration1.JenkinsIntegrationTestNGClass">
        <test-method status="PASS" signature="BeforeTest()[pri:0, instance:kovair.JenkinsIntegration1.JenkinsIntegrationTestNGClass@73f792cf]" name="BeforeTest" is-config="true" duration-ms="14004" started-at="2019-06-13T06:16:32Z" finished-at="2019-06-13T06:16:46Z">
          <reporter-output>
          </reporter-output>
        </test-method> <!-- BeforeTest -->
        <test-method status="FAIL" signature="NGTest1()[pri:0, instance:kovair.JenkinsIntegration1.JenkinsIntegrationTestNGClass@73f792cf]" name="NGTest1" duration-ms="6" started-at="2019-06-13T06:16:46Z" finished-at="2019-06-13T06:16:46Z">
          <exception class="java.lang.AssertionError">
            <message>
              <![CDATA[null]]>
            </message>
            <full-stacktrace>
              <![CDATA[java.lang.AssertionError: null
at org.testng.Assert.fail(Assert.java:96)
at org.testng.Assert.fail(Assert.java:103)
at kovair.JenkinsIntegration1.JenkinsIntegrationTestNGClass.NGTest1(JenkinsIntegrationTestNGClass.java:41)
at sun.reflect.NativeMethodAccessorImpl.invoke0(Native Method)
at sun.reflect.NativeMethodAccessorImpl.invoke(NativeMethodAccessorImpl.java:62)
at sun.reflect.DelegatingMethodAccessorImpl.invoke(DelegatingMethodAccessorImpl.java:43)
at java.lang.reflect.Method.invoke(Method.java:498)
at org.testng.internal.MethodInvocationHelper.invokeMethod(MethodInvocationHelper.java:124)
at org.testng.internal.Invoker.invokeMethod(Invoker.java:583)
at org.testng.internal.Invoker.invokeTestMethod(Invoker.java:719)
at org.testng.internal.Invoker.invokeTestMethods(Invoker.java:989)
at org.testng.internal.TestMethodWorker.invokeTestMethods(TestMethodWorker.java:125)
at org.testng.internal.TestMethodWorker.run(TestMethodWorker.java:109)
at org.testng.TestRunner.privateRun(TestRunner.java:648)
at org.testng.TestRunner.run(TestRunner.java:505)
at org.testng.SuiteRunner.runTest(SuiteRunner.java:455)
at org.testng.SuiteRunner.runSequentially(SuiteRunner.java:450)
at org.testng.SuiteRunner.privateRun(SuiteRunner.java:415)
at org.testng.SuiteRunner.run(SuiteRunner.java:364)
at org.testng.SuiteRunnerWorker.runSuite(SuiteRunnerWorker.java:52)
at org.testng.SuiteRunnerWorker.run(SuiteRunnerWorker.java:84)
at org.testng.TestNG.runSuitesSequentially(TestNG.java:1208)
at org.testng.TestNG.runSuitesLocally(TestNG.java:1137)
at org.testng.TestNG.runSuites(TestNG.java:1049)
at org.testng.TestNG.run(TestNG.java:1017)
at org.apache.maven.surefire.testng.TestNGExecutor.run(TestNGExecutor.java:178)
at org.apache.maven.surefire.testng.TestNGXmlTestSuite.execute(TestNGXmlTestSuite.java:92)
at org.apache.maven.surefire.testng.TestNGProvider.invoke(TestNGProvider.java:96)
at sun.reflect.NativeMethodAccessorImpl.invoke0(Native Method)
at sun.reflect.NativeMethodAccessorImpl.invoke(NativeMethodAccessorImpl.java:62)
at sun.reflect.DelegatingMethodAccessorImpl.invoke(DelegatingMethodAccessorImpl.java:43)
at java.lang.reflect.Method.invoke(Method.java:498)
at org.apache.maven.surefire.util.ReflectionUtils.invokeMethodWithArray2(ReflectionUtils.java:208)
at org.apache.maven.surefire.booter.ProviderFactory$ProviderProxy.invoke(ProviderFactory.java:159)
at org.apache.maven.surefire.booter.ProviderFactory.invokeProvider(ProviderFactory.java:87)
at org.apache.maven.surefire.booter.ForkedBooter.runSuitesInProcess(ForkedBooter.java:153)
at org.apache.maven.surefire.booter.ForkedBooter.main(ForkedBooter.java:95)
]]>
            </full-stacktrace>
          </exception> <!-- java.lang.AssertionError -->
          <reporter-output>
          </reporter-output>
        </test-method> <!-- NGTest1 -->
        <test-method status="PASS" signature="AfterMethod(org.testng.ITestResult)[pri:0, instance:kovair.JenkinsIntegration1.JenkinsIntegrationTestNGClass@73f792cf]" name="AfterMethod" is-config="true" duration-ms="482" started-at="2019-06-13T06:16:46Z" finished-at="2019-06-13T06:16:46Z">
          <params>
            <param index="0">
              <value>
                <![CDATA[[TestResult name=NGTest1 status=FAILURE method=JenkinsIntegrationTestNGClass.NGTest1()[pri:0, instance:kovair.JenkinsIntegration1.JenkinsIntegrationTestNGClass@73f792cf] output={null}]]]>
              </value>
            </param>
          </params>
          <reporter-output>
            <line>
              <![CDATA[<a href='D:\PrasenjitOffice\OneDrive - Kovair Software\My Kovair Files\EclipseWorkspace\JenkinsIntegration1\src\test\java\scrpackage\NGTest1524.png'> <img src='D:\PrasenjitOffice\OneDrive - Kovair Software\My Kovair Files\EclipseWorkspace\JenkinsIntegration1\src\test\java\scrpackage\NGTest1524.png' height='100' width='100'/> </a>]]>
            </line>
          </reporter-output>
        </test-method> <!-- AfterMethod -->
        <test-method status="FAIL" signature="NGTest2()[pri:0, instance:kovair.JenkinsIntegration1.JenkinsIntegrationTestNGClass@73f792cf]" name="NGTest2" duration-ms="0" started-at="2019-06-13T06:16:46Z" finished-at="2019-06-13T06:16:46Z">
          <exception class="java.lang.AssertionError">
            <message>
              <![CDATA[null]]>
            </message>
            <full-stacktrace>
              <![CDATA[java.lang.AssertionError: null
at org.testng.Assert.fail(Assert.java:96)
at org.testng.Assert.fail(Assert.java:103)
at kovair.JenkinsIntegration1.JenkinsIntegrationTestNGClass.NGTest2(JenkinsIntegrationTestNGClass.java:49)
at sun.reflect.NativeMethodAccessorImpl.invoke0(Native Method)
at sun.reflect.NativeMethodAccessorImpl.invoke(NativeMethodAccessorImpl.java:62)
at sun.reflect.DelegatingMethodAccessorImpl.invoke(DelegatingMethodAccessorImpl.java:43)
at java.lang.reflect.Method.invoke(Method.java:498)
at org.testng.internal.MethodInvocationHelper.invokeMethod(MethodInvocationHelper.java:124)
at org.testng.internal.Invoker.invokeMethod(Invoker.java:583)
at org.testng.internal.Invoker.invokeTestMethod(Invoker.java:719)
at org.testng.internal.Invoker.invokeTestMethods(Invoker.java:989)
at org.testng.internal.TestMethodWorker.invokeTestMethods(TestMethodWorker.java:125)
at org.testng.internal.TestMethodWorker.run(TestMethodWorker.java:109)
at org.testng.TestRunner.privateRun(TestRunner.java:648)
at org.testng.TestRunner.run(TestRunner.java:505)
at org.testng.SuiteRunner.runTest(SuiteRunner.java:455)
at org.testng.SuiteRunner.runSequentially(SuiteRunner.java:450)
at org.testng.SuiteRunner.privateRun(SuiteRunner.java:415)
at org.testng.SuiteRunner.run(SuiteRunner.java:364)
at org.testng.SuiteRunnerWorker.runSuite(SuiteRunnerWorker.java:52)
at org.testng.SuiteRunnerWorker.run(SuiteRunnerWorker.java:84)
at org.testng.TestNG.runSuitesSequentially(TestNG.java:1208)
at org.testng.TestNG.runSuitesLocally(TestNG.java:1137)
at org.testng.TestNG.runSuites(TestNG.java:1049)
at org.testng.TestNG.run(TestNG.java:1017)
at org.apache.maven.surefire.testng.TestNGExecutor.run(TestNGExecutor.java:178)
at org.apache.maven.surefire.testng.TestNGXmlTestSuite.execute(TestNGXmlTestSuite.java:92)
at org.apache.maven.surefire.testng.TestNGProvider.invoke(TestNGProvider.java:96)
at sun.reflect.NativeMethodAccessorImpl.invoke0(Native Method)
at sun.reflect.NativeMethodAccessorImpl.invoke(NativeMethodAccessorImpl.java:62)
at sun.reflect.DelegatingMethodAccessorImpl.invoke(DelegatingMethodAccessorImpl.java:43)
at java.lang.reflect.Method.invoke(Method.java:498)
at org.apache.maven.surefire.util.ReflectionUtils.invokeMethodWithArray2(ReflectionUtils.java:208)
at org.apache.maven.surefire.booter.ProviderFactory$ProviderProxy.invoke(ProviderFactory.java:159)
at org.apache.maven.surefire.booter.ProviderFactory.invokeProvider(ProviderFactory.java:87)
at org.apache.maven.surefire.booter.ForkedBooter.runSuitesInProcess(ForkedBooter.java:153)
at org.apache.maven.surefire.booter.ForkedBooter.main(ForkedBooter.java:95)
]]>
            </full-stacktrace>
          </exception> <!-- java.lang.AssertionError -->
          <reporter-output>
          </reporter-output>
        </test-method> <!-- NGTest2 -->
        <test-method status="PASS" signature="AfterMethod(org.testng.ITestResult)[pri:0, instance:kovair.JenkinsIntegration1.JenkinsIntegrationTestNGClass@73f792cf]" name="AfterMethod" is-config="true" duration-ms="322" started-at="2019-06-13T06:16:46Z" finished-at="2019-06-13T06:16:47Z">
          <params>
            <param index="0">
              <value>
                <![CDATA[[TestResult name=NGTest2 status=FAILURE method=JenkinsIntegrationTestNGClass.NGTest2()[pri:0, instance:kovair.JenkinsIntegration1.JenkinsIntegrationTestNGClass@73f792cf] output={null}]]]>
              </value>
            </param>
          </params>
          <reporter-output>
            <line>
              <![CDATA[<a href='D:\PrasenjitOffice\OneDrive - Kovair Software\My Kovair Files\EclipseWorkspace\JenkinsIntegration1\src\test\java\scrpackage\NGTest2490.png'> <img src='D:\PrasenjitOffice\OneDrive - Kovair Software\My Kovair Files\EclipseWorkspace\JenkinsIntegration1\src\test\java\scrpackage\NGTest2490.png' height='100' width='100'/> </a>]]>
            </line>
          </reporter-output>
        </test-method> <!-- AfterMethod -->
        <test-method status="FAIL" signature="NGTest3()[pri:0, instance:kovair.JenkinsIntegration1.JenkinsIntegrationTestNGClass@73f792cf]" name="NGTest3" duration-ms="0" started-at="2019-06-13T06:16:47Z" finished-at="2019-06-13T06:16:47Z">
          <exception class="java.lang.AssertionError">
            <message>
              <![CDATA[null]]>
            </message>
            <full-stacktrace>
              <![CDATA[java.lang.AssertionError: null
at org.testng.Assert.fail(Assert.java:96)
at org.testng.Assert.fail(Assert.java:103)
at kovair.JenkinsIntegration1.JenkinsIntegrationTestNGClass.NGTest3(JenkinsIntegrationTestNGClass.java:59)
at sun.reflect.NativeMethodAccessorImpl.invoke0(Native Method)
at sun.reflect.NativeMethodAccessorImpl.invoke(NativeMethodAccessorImpl.java:62)
at sun.reflect.DelegatingMethodAccessorImpl.invoke(DelegatingMethodAccessorImpl.java:43)
at java.lang.reflect.Method.invoke(Method.java:498)
at org.testng.internal.MethodInvocationHelper.invokeMethod(MethodInvocationHelper.java:124)
at org.testng.internal.Invoker.invokeMethod(Invoker.java:583)
at org.testng.internal.Invoker.invokeTestMethod(Invoker.java:719)
at org.testng.internal.Invoker.invokeTestMethods(Invoker.java:989)
at org.testng.internal.TestMethodWorker.invokeTestMethods(TestMethodWorker.java:125)
at org.testng.internal.TestMethodWorker.run(TestMethodWorker.java:109)
at org.testng.TestRunner.privateRun(TestRunner.java:648)
at org.testng.TestRunner.run(TestRunner.java:505)
at org.testng.SuiteRunner.runTest(SuiteRunner.java:455)
at org.testng.SuiteRunner.runSequentially(SuiteRunner.java:450)
at org.testng.SuiteRunner.privateRun(SuiteRunner.java:415)
at org.testng.SuiteRunner.run(SuiteRunner.java:364)
at org.testng.SuiteRunnerWorker.runSuite(SuiteRunnerWorker.java:52)
at org.testng.SuiteRunnerWorker.run(SuiteRunnerWorker.java:84)
at org.testng.TestNG.runSuitesSequentially(TestNG.java:1208)
at org.testng.TestNG.runSuitesLocally(TestNG.java:1137)
at org.testng.TestNG.runSuites(TestNG.java:1049)
at org.testng.TestNG.run(TestNG.java:1017)
at org.apache.maven.surefire.testng.TestNGExecutor.run(TestNGExecutor.java:178)
at org.apache.maven.surefire.testng.TestNGXmlTestSuite.execute(TestNGXmlTestSuite.java:92)
at org.apache.maven.surefire.testng.TestNGProvider.invoke(TestNGProvider.java:96)
at sun.reflect.NativeMethodAccessorImpl.invoke0(Native Method)
at sun.reflect.NativeMethodAccessorImpl.invoke(NativeMethodAccessorImpl.java:62)
at sun.reflect.DelegatingMethodAccessorImpl.invoke(DelegatingMethodAccessorImpl.java:43)
at java.lang.reflect.Method.invoke(Method.java:498)
at org.apache.maven.surefire.util.ReflectionUtils.invokeMethodWithArray2(ReflectionUtils.java:208)
at org.apache.maven.surefire.booter.ProviderFactory$ProviderProxy.invoke(ProviderFactory.java:159)
at org.apache.maven.surefire.booter.ProviderFactory.invokeProvider(ProviderFactory.java:87)
at org.apache.maven.surefire.booter.ForkedBooter.runSuitesInProcess(ForkedBooter.java:153)
at org.apache.maven.surefire.booter.ForkedBooter.main(ForkedBooter.java:95)
]]>
            </full-stacktrace>
          </exception> <!-- java.lang.AssertionError -->
          <reporter-output>
          </reporter-output>
        </test-method> <!-- NGTest3 -->
        <test-method status="PASS" signature="AfterMethod(org.testng.ITestResult)[pri:0, instance:kovair.JenkinsIntegration1.JenkinsIntegrationTestNGClass@73f792cf]" name="AfterMethod" is-config="true" duration-ms="313" started-at="2019-06-13T06:16:47Z" finished-at="2019-06-13T06:16:47Z">
          <params>
            <param index="0">
              <value>
                <![CDATA[[TestResult name=NGTest3 status=FAILURE method=JenkinsIntegrationTestNGClass.NGTest3()[pri:0, instance:kovair.JenkinsIntegration1.JenkinsIntegrationTestNGClass@73f792cf] output={null}]]]>
              </value>
            </param>
          </params>
          <reporter-output>
            <line>
              <![CDATA[<a href='D:\PrasenjitOffice\OneDrive - Kovair Software\My Kovair Files\EclipseWorkspace\JenkinsIntegration1\src\test\java\scrpackage\NGTest3191.png'> <img src='D:\PrasenjitOffice\OneDrive - Kovair Software\My Kovair Files\EclipseWorkspace\JenkinsIntegration1\src\test\java\scrpackage\NGTest3191.png' height='100' width='100'/> </a>]]>
            </line>
          </reporter-output>
        </test-method> <!-- AfterMethod -->
        <test-method status="FAIL" signature="NGTest4()[pri:0, instance:kovair.JenkinsIntegration1.JenkinsIntegrationTestNGClass@73f792cf]" name="NGTest4" duration-ms="0" started-at="2019-06-13T06:16:47Z" finished-at="2019-06-13T06:16:47Z">
          <exception class="java.lang.AssertionError">
            <message>
              <![CDATA[null]]>
            </message>
            <full-stacktrace>
              <![CDATA[java.lang.AssertionError: null
at org.testng.Assert.fail(Assert.java:96)
at org.testng.Assert.fail(Assert.java:103)
at kovair.JenkinsIntegration1.JenkinsIntegrationTestNGClass.NGTest4(JenkinsIntegrationTestNGClass.java:66)
at sun.reflect.NativeMethodAccessorImpl.invoke0(Native Method)
at sun.reflect.NativeMethodAccessorImpl.invoke(NativeMethodAccessorImpl.java:62)
at sun.reflect.DelegatingMethodAccessorImpl.invoke(DelegatingMethodAccessorImpl.java:43)
at java.lang.reflect.Method.invoke(Method.java:498)
at org.testng.internal.MethodInvocationHelper.invokeMethod(MethodInvocationHelper.java:124)
at org.testng.internal.Invoker.invokeMethod(Invoker.java:583)
at org.testng.internal.Invoker.invokeTestMethod(Invoker.java:719)
at org.testng.internal.Invoker.invokeTestMethods(Invoker.java:989)
at org.testng.internal.TestMethodWorker.invokeTestMethods(TestMethodWorker.java:125)
at org.testng.internal.TestMethodWorker.run(TestMethodWorker.java:109)
at org.testng.TestRunner.privateRun(TestRunner.java:648)
at org.testng.TestRunner.run(TestRunner.java:505)
at org.testng.SuiteRunner.runTest(SuiteRunner.java:455)
at org.testng.SuiteRunner.runSequentially(SuiteRunner.java:450)
at org.testng.SuiteRunner.privateRun(SuiteRunner.java:415)
at org.testng.SuiteRunner.run(SuiteRunner.java:364)
at org.testng.SuiteRunnerWorker.runSuite(SuiteRunnerWorker.java:52)
at org.testng.SuiteRunnerWorker.run(SuiteRunnerWorker.java:84)
at org.testng.TestNG.runSuitesSequentially(TestNG.java:1208)
at org.testng.TestNG.runSuitesLocally(TestNG.java:1137)
at org.testng.TestNG.runSuites(TestNG.java:1049)
at org.testng.TestNG.run(TestNG.java:1017)
at org.apache.maven.surefire.testng.TestNGExecutor.run(TestNGExecutor.java:178)
at org.apache.maven.surefire.testng.TestNGXmlTestSuite.execute(TestNGXmlTestSuite.java:92)
at org.apache.maven.surefire.testng.TestNGProvider.invoke(TestNGProvider.java:96)
at sun.reflect.NativeMethodAccessorImpl.invoke0(Native Method)
at sun.reflect.NativeMethodAccessorImpl.invoke(NativeMethodAccessorImpl.java:62)
at sun.reflect.DelegatingMethodAccessorImpl.invoke(DelegatingMethodAccessorImpl.java:43)
at java.lang.reflect.Method.invoke(Method.java:498)
at org.apache.maven.surefire.util.ReflectionUtils.invokeMethodWithArray2(ReflectionUtils.java:208)
at org.apache.maven.surefire.booter.ProviderFactory$ProviderProxy.invoke(ProviderFactory.java:159)
at org.apache.maven.surefire.booter.ProviderFactory.invokeProvider(ProviderFactory.java:87)
at org.apache.maven.surefire.booter.ForkedBooter.runSuitesInProcess(ForkedBooter.java:153)
at org.apache.maven.surefire.booter.ForkedBooter.main(ForkedBooter.java:95)
]]>
            </full-stacktrace>
          </exception> <!-- java.lang.AssertionError -->
          <reporter-output>
          </reporter-output>
        </test-method> <!-- NGTest4 -->
        <test-method status="PASS" signature="AfterMethod(org.testng.ITestResult)[pri:0, instance:kovair.JenkinsIntegration1.JenkinsIntegrationTestNGClass@73f792cf]" name="AfterMethod" is-config="true" duration-ms="331" started-at="2019-06-13T06:16:47Z" finished-at="2019-06-13T06:16:47Z">
          <params>
            <param index="0">
              <value>
                <![CDATA[[TestResult name=NGTest4 status=FAILURE method=JenkinsIntegrationTestNGClass.NGTest4()[pri:0, instance:kovair.JenkinsIntegration1.JenkinsIntegrationTestNGClass@73f792cf] output={null}]]]>
              </value>
            </param>
          </params>
          <reporter-output>
            <line>
              <![CDATA[<a href='D:\PrasenjitOffice\OneDrive - Kovair Software\My Kovair Files\EclipseWorkspace\JenkinsIntegration1\src\test\java\scrpackage\NGTest4390.png'> <img src='D:\PrasenjitOffice\OneDrive - Kovair Software\My Kovair Files\EclipseWorkspace\JenkinsIntegration1\src\test\java\scrpackage\NGTest4390.png' height='100' width='100'/> </a>]]>
            </line>
          </reporter-output>
        </test-method> <!-- AfterMethod -->
        <test-method status="PASS" signature="NGTest5()[pri:0, instance:kovair.JenkinsIntegration1.JenkinsIntegrationTestNGClass@73f792cf]" name="NGTest5" duration-ms="1" started-at="2019-06-13T06:16:47Z" finished-at="2019-06-13T06:16:47Z">
          <reporter-output>
          </reporter-output>
        </test-method> <!-- NGTest5 -->
        <test-method status="PASS" signature="AfterMethod(org.testng.ITestResult)[pri:0, instance:kovair.JenkinsIntegration1.JenkinsIntegrationTestNGClass@73f792cf]" name="AfterMethod" is-config="true" duration-ms="0" started-at="2019-06-13T06:16:47Z" finished-at="2019-06-13T06:16:47Z">
          <params>
            <param index="0">
              <value>
                <![CDATA[[TestResult name=NGTest5 status=SUCCESS method=JenkinsIntegrationTestNGClass.NGTest5()[pri:0, instance:kovair.JenkinsIntegration1.JenkinsIntegrationTestNGClass@73f792cf] output={null}]]]>
              </value>
            </param>
          </params>
          <reporter-output>
          </reporter-output>
        </test-method> <!-- AfterMethod -->
        <test-method status="PASS" signature="AfterTest()[pri:0, instance:kovair.JenkinsIntegration1.JenkinsIntegrationTestNGClass@73f792cf]" name="AfterTest" is-config="true" duration-ms="1399" started-at="2019-06-13T06:16:47Z" finished-at="2019-06-13T06:16:49Z">
          <reporter-output>
          </reporter-output>
        </test-method> <!-- AfterTest -->
      </class> <!-- kovair.JenkinsIntegration1.JenkinsIntegrationTestNGClass -->
    </test> <!-- Test -->
  </suite> <!-- Suite -->
</testng-results>
