<?xml version="1.0" encoding="UTF-8"?>
<testng-results skipped="0" failed="1" ignored="0" total="3" passed="2">
  <reporter-output>
    <line>
      <![CDATA[<a href='D:\PrasenjitOffice\OneDrive - Kovair Software\My Kovair Files\EclipseWorkspace\JenkinsIntegration1\src\test\java\scrpackage\NGTest3261.png'> <img src='D:\PrasenjitOffice\OneDrive - Kovair Software\My Kovair Files\EclipseWorkspace\JenkinsIntegration1\src\test\java\scrpackage\NGTest3261.png' height='100' width='100'/> </a>]]>
    </line>
  </reporter-output>
  <suite name="Default suite" duration-ms="14810" started-at="2019-06-11T10:25:19Z" finished-at="2019-06-11T10:25:33Z">
    <groups>
    </groups>
    <test name="Default test" duration-ms="14810" started-at="2019-06-11T10:25:19Z" finished-at="2019-06-11T10:25:33Z">
      <class name="kovair.JenkinsIntegration1.JenkinsIntegrationTestNGClass">
        <test-method status="PASS" signature="BeforeTest()[pri:0, instance:kovair.JenkinsIntegration1.JenkinsIntegrationTestNGClass@42e26948]" name="BeforeTest" is-config="true" duration-ms="12984" started-at="2019-06-11T10:25:19Z" finished-at="2019-06-11T10:25:32Z">
          <reporter-output>
          </reporter-output>
        </test-method> <!-- BeforeTest -->
        <test-method status="PASS" signature="NGTest1()[pri:0, instance:kovair.JenkinsIntegration1.JenkinsIntegrationTestNGClass@42e26948]" name="NGTest1" duration-ms="11" started-at="2019-06-11T10:25:32Z" finished-at="2019-06-11T10:25:32Z">
          <reporter-output>
          </reporter-output>
        </test-method> <!-- NGTest1 -->
        <test-method status="PASS" signature="AfterMethod(org.testng.ITestResult)[pri:0, instance:kovair.JenkinsIntegration1.JenkinsIntegrationTestNGClass@42e26948]" name="AfterMethod" is-config="true" duration-ms="6" started-at="2019-06-11T10:25:32Z" finished-at="2019-06-11T10:25:32Z">
          <params>
            <param index="0">
              <value>
                <![CDATA[[TestResult name=NGTest1 status=SUCCESS method=JenkinsIntegrationTestNGClass.NGTest1()[pri:0, instance:kovair.JenkinsIntegration1.JenkinsIntegrationTestNGClass@42e26948] output={null}]]]>
              </value>
            </param>
          </params>
          <reporter-output>
          </reporter-output>
        </test-method> <!-- AfterMethod -->
        <test-method status="PASS" signature="NGTest2()[pri:0, instance:kovair.JenkinsIntegration1.JenkinsIntegrationTestNGClass@42e26948]" name="NGTest2" duration-ms="2" started-at="2019-06-11T10:25:32Z" finished-at="2019-06-11T10:25:32Z">
          <reporter-output>
          </reporter-output>
        </test-method> <!-- NGTest2 -->
        <test-method status="PASS" signature="AfterMethod(org.testng.ITestResult)[pri:0, instance:kovair.JenkinsIntegration1.JenkinsIntegrationTestNGClass@42e26948]" name="AfterMethod" is-config="true" duration-ms="1" started-at="2019-06-11T10:25:32Z" finished-at="2019-06-11T10:25:32Z">
          <params>
            <param index="0">
              <value>
                <![CDATA[[TestResult name=NGTest2 status=SUCCESS method=JenkinsIntegrationTestNGClass.NGTest2()[pri:0, instance:kovair.JenkinsIntegration1.JenkinsIntegrationTestNGClass@42e26948] output={null}]]]>
              </value>
            </param>
          </params>
          <reporter-output>
          </reporter-output>
        </test-method> <!-- AfterMethod -->
        <test-method status="FAIL" signature="NGTest3()[pri:0, instance:kovair.JenkinsIntegration1.JenkinsIntegrationTestNGClass@42e26948]" name="NGTest3" duration-ms="4" started-at="2019-06-11T10:25:32Z" finished-at="2019-06-11T10:25:32Z">
          <exception class="java.lang.AssertionError">
            <message>
              <![CDATA[expected [true] but found [false]]]>
            </message>
            <full-stacktrace>
              <![CDATA[java.lang.AssertionError: expected [true] but found [false]
at org.testng.Assert.fail(Assert.java:96)
at org.testng.Assert.failNotEquals(Assert.java:776)
at org.testng.Assert.assertTrue(Assert.java:44)
at org.testng.Assert.assertTrue(Assert.java:54)
at kovair.JenkinsIntegration1.JenkinsIntegrationTestNGClass.NGTest3(JenkinsIntegrationTestNGClass.java:58)
at sun.reflect.NativeMethodAccessorImpl.invoke0(Native Method)
at sun.reflect.NativeMethodAccessorImpl.invoke(NativeMethodAccessorImpl.java:62)
at sun.reflect.DelegatingMethodAccessorImpl.invoke(DelegatingMethodAccessorImpl.java:43)
at java.lang.reflect.Method.invoke(Method.java:498)
at org.testng.internal.MethodInvocationHelper.invokeMethod(MethodInvocationHelper.java:124)
at org.testng.internal.Invoker.invokeMethod(Invoker.java:583)
at org.testng.internal.Invoker.invokeTestMethod(Invoker.java:719)
at org.testng.internal.Invoker.invokeTestMethods(Invoker.java:989)
at org.testng.internal.TestMethodWorker.invokeTestMethods(TestMethodWorker.java:125)
at org.testng.internal.TestMethodWorker.run(TestMethodWorker.java:109)
at org.testng.TestRunner.privateRun(TestRunner.java:648)
at org.testng.TestRunner.run(TestRunner.java:505)
at org.testng.SuiteRunner.runTest(SuiteRunner.java:455)
at org.testng.SuiteRunner.runSequentially(SuiteRunner.java:450)
at org.testng.SuiteRunner.privateRun(SuiteRunner.java:415)
at org.testng.SuiteRunner.run(SuiteRunner.java:364)
at org.testng.SuiteRunnerWorker.runSuite(SuiteRunnerWorker.java:52)
at org.testng.SuiteRunnerWorker.run(SuiteRunnerWorker.java:84)
at org.testng.TestNG.runSuitesSequentially(TestNG.java:1208)
at org.testng.TestNG.runSuitesLocally(TestNG.java:1137)
at org.testng.TestNG.runSuites(TestNG.java:1049)
at org.testng.TestNG.run(TestNG.java:1017)
at org.testng.remote.AbstractRemoteTestNG.run(AbstractRemoteTestNG.java:114)
at org.testng.remote.RemoteTestNG.initAndRun(RemoteTestNG.java:251)
at org.testng.remote.RemoteTestNG.main(RemoteTestNG.java:77)
]]>
            </full-stacktrace>
          </exception> <!-- java.lang.AssertionError -->
          <reporter-output>
          </reporter-output>
        </test-method> <!-- NGTest3 -->
        <test-method status="PASS" signature="AfterMethod(org.testng.ITestResult)[pri:0, instance:kovair.JenkinsIntegration1.JenkinsIntegrationTestNGClass@42e26948]" name="AfterMethod" is-config="true" duration-ms="410" started-at="2019-06-11T10:25:32Z" finished-at="2019-06-11T10:25:32Z">
          <params>
            <param index="0">
              <value>
                <![CDATA[[TestResult name=NGTest3 status=FAILURE method=JenkinsIntegrationTestNGClass.NGTest3()[pri:0, instance:kovair.JenkinsIntegration1.JenkinsIntegrationTestNGClass@42e26948] output={null}]]]>
              </value>
            </param>
          </params>
          <reporter-output>
            <line>
              <![CDATA[<a href='D:\PrasenjitOffice\OneDrive - Kovair Software\My Kovair Files\EclipseWorkspace\JenkinsIntegration1\src\test\java\scrpackage\NGTest3261.png'> <img src='D:\PrasenjitOffice\OneDrive - Kovair Software\My Kovair Files\EclipseWorkspace\JenkinsIntegration1\src\test\java\scrpackage\NGTest3261.png' height='100' width='100'/> </a>]]>
            </line>
          </reporter-output>
        </test-method> <!-- AfterMethod -->
        <test-method status="PASS" signature="AfterTest()[pri:0, instance:kovair.JenkinsIntegration1.JenkinsIntegrationTestNGClass@42e26948]" name="AfterTest" is-config="true" duration-ms="1334" started-at="2019-06-11T10:25:32Z" finished-at="2019-06-11T10:25:33Z">
          <reporter-output>
          </reporter-output>
        </test-method> <!-- AfterTest -->
      </class> <!-- kovair.JenkinsIntegration1.JenkinsIntegrationTestNGClass -->
    </test> <!-- Default test -->
  </suite> <!-- Default suite -->
</testng-results>
